<?xml version="1.0" encoding="UTF-8"?>
<!-- Generated by org.testng.reporters.JUnitReportReporter -->
<testsuite hostname="DESKTOP-VJBN2AA" failures="0" tests="2" name="ProjectPackage.AddToCartButton" time="24.347" errors="0" timestamp="2023-11-20T12:30:28 IST" skipped="0">
  <testcase classname="ProjectPackage.AddToCartButton" name="OpenBrowser" time="3.523"/>
  <testcase classname="ProjectPackage.AddToCartButton" name="AddCart" time="20.824"/>
</testsuite> <!-- ProjectPackage.AddToCartButton -->
