<?xml version="1.0" encoding="UTF-8"?>
<!-- Generated by org.testng.reporters.JUnitReportReporter -->
<testsuite hostname="DESKTOP-VJBN2AA" failures="0" tests="2" name="ProjectPackage.FirstLauchClass" time="2.903" errors="0" timestamp="2023-11-11T16:27:06 IST" skipped="0">
  <testcase classname="ProjectPackage.FirstLauchClass" name="setup" time="0.004"/>
  <testcase classname="ProjectPackage.FirstLauchClass" name="launch" time="2.899"/>
</testsuite> <!-- ProjectPackage.FirstLauchClass -->
