<?xml version="1.0" encoding="UTF-8"?>
<!-- Generated by org.testng.reporters.JUnitReportReporter -->
<testsuite hostname="DESKTOP-VJBN2AA" failures="0" tests="1" name="ProjectPackage.FirstLaunchClass" time="6.722" errors="0" timestamp="2023-11-20T12:20:39 IST" skipped="0">
  <testcase classname="ProjectPackage.FirstLaunchClass" name="OpenBrowser" time="6.722"/>
</testsuite> <!-- ProjectPackage.FirstLaunchClass -->
