<?xml version="1.0" encoding="UTF-8"?>
<!-- Generated by org.testng.reporters.JUnitReportReporter -->
<testsuite hostname="DESKTOP-VJBN2AA" failures="0" tests="2" name="ProjectPackage.TermsAndCondition" time="25.087" errors="0" timestamp="2023-11-20T12:38:48 IST" skipped="0">
  <testcase classname="ProjectPackage.TermsAndCondition" name="OpenBrowser" time="5.833"/>
  <testcase classname="ProjectPackage.TermsAndCondition" name="terms_condition" time="19.254"/>
</testsuite> <!-- ProjectPackage.TermsAndCondition -->
