<?xml version="1.0" encoding="UTF-8"?>
<!-- Generated by org.testng.reporters.JUnitReportReporter -->
<testsuite hostname="DESKTOP-VJBN2AA" failures="0" tests="2" name="ProjectPackage.Homepage" time="17.550" errors="0" timestamp="2023-11-20T12:22:08 IST" skipped="0">
  <testcase classname="ProjectPackage.Homepage" name="OpenBrowser" time="13.206"/>
  <testcase classname="ProjectPackage.Homepage" name="launch" time="4.344"/>
</testsuite> <!-- ProjectPackage.Homepage -->
