<?xml version="1.0" encoding="UTF-8"?>
<!-- Generated by org.testng.reporters.JUnitReportReporter -->
<testsuite hostname="DESKTOP-VJBN2AA" failures="0" tests="2" name="ProjectPackage.DeleiveryWithChargesButton" time="86.669" errors="0" timestamp="2023-11-18T14:33:45 IST" skipped="0">
  <testcase classname="ProjectPackage.DeleiveryWithChargesButton" name="DeliveryWithChargesTab" time="84.304"/>
  <testcase classname="ProjectPackage.DeleiveryWithChargesButton" name="OpenBrowser" time="2.365"/>
</testsuite> <!-- ProjectPackage.DeleiveryWithChargesButton -->
