<?xml version="1.0" encoding="UTF-8"?>
<!-- Generated by org.testng.reporters.JUnitReportReporter -->
<testsuite hostname="DESKTOP-VJBN2AA" failures="0" tests="2" name="ProjectPackage.GiftCard" time="84.026" errors="0" timestamp="2023-11-18T15:34:17 IST" skipped="0">
  <testcase classname="ProjectPackage.GiftCard" name="OpenBrowser" time="46.347"/>
  <testcase classname="ProjectPackage.GiftCard" name="GiftCard" time="37.679"/>
</testsuite> <!-- ProjectPackage.GiftCard -->
