<?xml version="1.0" encoding="UTF-8"?>
<!-- Generated by org.testng.reporters.JUnitReportReporter -->
<testsuite hostname="DESKTOP-VJBN2AA" failures="0" tests="2" name="ProjectPackage.SignIn" time="14.148" errors="0" timestamp="2023-11-19T09:31:17 IST" skipped="0">
  <testcase classname="ProjectPackage.SignIn" name="OpenBrowser" time="5.667"/>
  <testcase classname="ProjectPackage.SignIn" name="signin" time="8.481"/>
</testsuite> <!-- ProjectPackage.SignIn -->
