<?xml version="1.0" encoding="UTF-8"?>
<!-- Generated by org.testng.reporters.JUnitReportReporter -->
<testsuite hostname="DESKTOP-VJBN2AA" failures="0" tests="2" name="ProjectPackage.TakeScreenshot" time="14.199" errors="0" timestamp="2023-11-19T09:30:09 IST" skipped="0">
  <testcase classname="ProjectPackage.TakeScreenshot" name="OpenBrowser" time="4.793"/>
  <testcase classname="ProjectPackage.TakeScreenshot" name="Screenshot" time="9.406"/>
</testsuite> <!-- ProjectPackage.TakeScreenshot -->
