<?xml version="1.0" encoding="UTF-8"?>
<!-- Generated by org.testng.reporters.JUnitReportReporter -->
<testsuite hostname="DESKTOP-VJBN2AA" failures="0" tests="2" name="ProjectPackage.GiftCards" time="15.712" errors="0" timestamp="2023-11-20T12:32:37 IST" skipped="0">
  <testcase classname="ProjectPackage.GiftCards" name="GiftCard" time="9.498"/>
  <testcase classname="ProjectPackage.GiftCards" name="OpenBrowser" time="6.214"/>
</testsuite> <!-- ProjectPackage.GiftCards -->
