<?xml version="1.0" encoding="UTF-8"?>
<!-- Generated by org.testng.reporters.JUnitReportReporter -->
<testsuite hostname="DESKTOP-VJBN2AA" failures="0" tests="2" name="ProjectPackage.HelpCenter" time="15.270" errors="0" timestamp="2023-11-19T09:27:53 IST" skipped="0">
  <testcase classname="ProjectPackage.HelpCenter" name="OpenBrowser" time="8.952"/>
  <testcase classname="ProjectPackage.HelpCenter" name="HelpAndCenter" time="6.318"/>
</testsuite> <!-- ProjectPackage.HelpCenter -->
