<?xml version="1.0" encoding="UTF-8"?>
<!-- Generated by org.testng.reporters.JUnitReportReporter -->
<testsuite hostname="DESKTOP-VJBN2AA" failures="0" tests="3" name="ProjectPackage.SearchButton" time="37.861" errors="0" timestamp="2023-11-20T12:26:29 IST" skipped="0">
  <testcase classname="ProjectPackage.SearchButton" name="OpenBrowser" time="26.588"/>
  <testcase classname="ProjectPackage.SearchButton" name="sortBy" time="2.059"/>
  <testcase classname="ProjectPackage.SearchButton" name="search" time="9.214"/>
</testsuite> <!-- ProjectPackage.SearchButton -->
